<?xml version="1.0" encoding="UTF-8"?>
<!-- Generated by org.testng.reporters.JUnitXMLReporter -->
<testsuite hostname="Pavan" ignored="4" name="Test(failed)" tests="3" failures="1" timestamp="2022-04-11T10:47:45 IST" time="51.677" errors="0">
  <testcase name="verifyTotalPrice" time="14.637" classname="com.shop.testcases.OrderPageTest"/>
  <testcase name="loginTest" time="0.22" classname="com.shop.testcases.LoginPageTest">
    <failure type="org.testng.internal.reflect.MethodMatcherException" message="
[public void com.shop.testcases.LoginPageTest.loginTest(java.lang.String,java.lang.String)] has no parameters defined but was found to be using a data provider (either explicitly specified or inherited from class level annotation).
Data provider mismatch
Method: loginTest([Parameter{index=0, type=java.lang.String, declaredAnnotations=[]}, Parameter{index=1, type=java.lang.String, declaredAnnotations=[]}])
Arguments: [(java.lang.String) admin@xyz.com,(java.lang.String) admin@123,(java.lang.String) valid]">
      <![CDATA[org.testng.internal.reflect.MethodMatcherException: 
[public void com.shop.testcases.LoginPageTest.loginTest(java.lang.String,java.lang.String)] has no parameters defined but was found to be using a data provider (either explicitly specified or inherited from class level annotation).
Data provider mismatch
Method: loginTest([Parameter{index=0, type=java.lang.String, declaredAnnotations=[]}, Parameter{index=1, type=java.lang.String, declaredAnnotations=[]}])
Arguments: [(java.lang.String) admin@xyz.com,(java.lang.String) admin@123,(java.lang.String) valid]
at java.util.ArrayList.forEach(ArrayList.java:1249)
... Removed 22 stack frames]]>
    </failure>
  </testcase> <!-- loginTest -->
  <testcase name="verifycreateAccountPageTest" time="12.321" classname="com.shop.testcases.AccountCreationPageTest"/>
  <testcase name="@BeforeSuite beforeSuite" time="0.0" classname="com.shop.base.BaseClass">
    <ignored/>
  </testcase> <!-- @BeforeSuite beforeSuite -->
  <testcase name="@BeforeSuite beforeSuite" time="0.0" classname="com.shop.base.BaseClass">
    <ignored/>
  </testcase> <!-- @BeforeSuite beforeSuite -->
  <testcase name="@BeforeTest loadConfig" time="0.0" classname="com.shop.base.BaseClass">
    <ignored/>
  </testcase> <!-- @BeforeTest loadConfig -->
  <testcase name="@BeforeTest loadConfig" time="0.0" classname="com.shop.base.BaseClass">
    <ignored/>
  </testcase> <!-- @BeforeTest loadConfig -->
</testsuite> <!-- Test(failed) -->
