<?xml version="1.0" encoding="UTF-8"?>
<!-- Generated by org.testng.reporters.JUnitXMLReporter -->
<testsuite hostname="Pavan" ignored="14" name="Testall" tests="10" failures="0" timestamp="2022-04-22T10:39:52 IST" time="199.435" errors="0">
  <testcase name="endToEndTest" time="31.138" classname="com.shop.testcases.EndToEndTEst"/>
  <testcase name="verifycreateAccountPageTest" time="6.995" classname="com.shop.testcases.AccountCreationPageTest"/>
  <testcase name="verifyTotalPrice" time="17.034" classname="com.shop.testcases.OrderPageTest"/>
  <testcase name="loginTest" time="6.378" classname="com.shop.testcases.LoginPageTest"/>
  <testcase name="orderHistoryandDetailsTest" time="5.515" classname="com.shop.testcases.HomePageTest"/>
  <testcase name="verifyWishList" time="6.138" classname="com.shop.testcases.HomePageTest"/>
  <testcase name="verifyLogo" time="0.121" classname="com.shop.testcases.IndexPageTest"/>
  <testcase name="verifyTitle" time="0.015" classname="com.shop.testcases.IndexPageTest"/>
  <testcase name="productAvailabilityTest" time="2.604" classname="com.shop.testcases.SearchResultPageTest"/>
  <testcase name="addToCartTest" time="7.459" classname="com.shop.testcases.AddToCartPageTest"/>
  <testcase name="@BeforeSuite loadConfig" time="0.0" classname="com.shop.base.BaseClass">
    <ignored/>
  </testcase> <!-- @BeforeSuite loadConfig -->
  <testcase name="@BeforeSuite loadConfig" time="0.0" classname="com.shop.base.BaseClass">
    <ignored/>
  </testcase> <!-- @BeforeSuite loadConfig -->
  <testcase name="@AfterSuite afterSuite" time="0.0" classname="com.shop.base.BaseClass">
    <ignored/>
  </testcase> <!-- @AfterSuite afterSuite -->
  <testcase name="@AfterSuite afterSuite" time="0.0" classname="com.shop.base.BaseClass">
    <ignored/>
  </testcase> <!-- @AfterSuite afterSuite -->
  <testcase name="@AfterSuite afterSuite" time="0.0" classname="com.shop.base.BaseClass">
    <ignored/>
  </testcase> <!-- @AfterSuite afterSuite -->
  <testcase name="@AfterSuite afterSuite" time="0.0" classname="com.shop.base.BaseClass">
    <ignored/>
  </testcase> <!-- @AfterSuite afterSuite -->
  <testcase name="@BeforeSuite loadConfig" time="0.0" classname="com.shop.base.BaseClass">
    <ignored/>
  </testcase> <!-- @BeforeSuite loadConfig -->
  <testcase name="@BeforeSuite loadConfig" time="0.0" classname="com.shop.base.BaseClass">
    <ignored/>
  </testcase> <!-- @BeforeSuite loadConfig -->
  <testcase name="@BeforeSuite loadConfig" time="0.0" classname="com.shop.base.BaseClass">
    <ignored/>
  </testcase> <!-- @BeforeSuite loadConfig -->
  <testcase name="@AfterSuite afterSuite" time="0.0" classname="com.shop.base.BaseClass">
    <ignored/>
  </testcase> <!-- @AfterSuite afterSuite -->
  <testcase name="@AfterSuite afterSuite" time="0.0" classname="com.shop.base.BaseClass">
    <ignored/>
  </testcase> <!-- @AfterSuite afterSuite -->
  <testcase name="@BeforeSuite loadConfig" time="0.0" classname="com.shop.base.BaseClass">
    <ignored/>
  </testcase> <!-- @BeforeSuite loadConfig -->
  <testcase name="@BeforeSuite loadConfig" time="0.0" classname="com.shop.base.BaseClass">
    <ignored/>
  </testcase> <!-- @BeforeSuite loadConfig -->
  <testcase name="@AfterSuite afterSuite" time="0.0" classname="com.shop.base.BaseClass">
    <ignored/>
  </testcase> <!-- @AfterSuite afterSuite -->
</testsuite> <!-- Testall -->
