<?xml version="1.0" encoding="UTF-8"?>
<!-- Generated by org.testng.reporters.JUnitXMLReporter -->
<testsuite hostname="Pavan" ignored="4" name="Test" tests="12" failures="0" timestamp="2022-04-11T12:24:51 IST" time="20.43" errors="0">
  <testcase name="@BeforeMethod setUp" time="6.566" classname="com.shop.testcases.LoginPageTest">
    <failure type="java.lang.NullPointerException">
      <![CDATA[java.lang.NullPointerException
at com.shop.base.BaseClass.launchApp(BaseClass.java:80)
at com.shop.testcases.LoginPageTest.setUp(LoginPageTest.java:30)
at java.util.ArrayList.forEach(ArrayList.java:1249)
... Removed 31 stack frames]]>
    </failure>
  </testcase> <!-- @BeforeMethod setUp -->
  <testcase name="@AfterMethod tearDown" time="0.0" classname="com.shop.testcases.LoginPageTest">
    <skipped/>
  </testcase> <!-- @AfterMethod tearDown -->
  <testcase name="@BeforeMethod setUp" time="0.0" classname="com.shop.testcases.LoginPageTest">
    <skipped/>
  </testcase> <!-- @BeforeMethod setUp -->
  <testcase name="@AfterMethod tearDown" time="0.0" classname="com.shop.testcases.LoginPageTest">
    <skipped/>
  </testcase> <!-- @AfterMethod tearDown -->
  <testcase name="@BeforeMethod setUp" time="0.0" classname="com.shop.testcases.LoginPageTest">
    <skipped/>
  </testcase> <!-- @BeforeMethod setUp -->
  <testcase name="@AfterMethod tearDown" time="0.0" classname="com.shop.testcases.LoginPageTest">
    <skipped/>
  </testcase> <!-- @AfterMethod tearDown -->
  <testcase name="@BeforeMethod setUp" time="3.766" classname="com.shop.testcases.HomePageTest">
    <failure type="java.lang.NullPointerException">
      <![CDATA[java.lang.NullPointerException
at com.shop.base.BaseClass.launchApp(BaseClass.java:80)
at com.shop.testcases.HomePageTest.setUp(HomePageTest.java:29)
at java.util.ArrayList.forEach(ArrayList.java:1249)
... Removed 31 stack frames]]>
    </failure>
  </testcase> <!-- @BeforeMethod setUp -->
  <testcase name="@AfterMethod tearDown" time="0.0" classname="com.shop.testcases.HomePageTest">
    <skipped/>
  </testcase> <!-- @AfterMethod tearDown -->
  <testcase name="@BeforeMethod setUp" time="0.0" classname="com.shop.testcases.HomePageTest">
    <skipped/>
  </testcase> <!-- @BeforeMethod setUp -->
  <testcase name="@AfterMethod tearDown" time="0.0" classname="com.shop.testcases.HomePageTest">
    <skipped/>
  </testcase> <!-- @AfterMethod tearDown -->
  <testcase name="@BeforeMethod setUp" time="0.0" classname="com.shop.testcases.HomePageTest">
    <skipped/>
  </testcase> <!-- @BeforeMethod setUp -->
  <testcase name="@AfterMethod tearDown" time="0.0" classname="com.shop.testcases.HomePageTest">
    <skipped/>
  </testcase> <!-- @AfterMethod tearDown -->
  <testcase name="@BeforeMethod setUp" time="0.0" classname="com.shop.testcases.HomePageTest">
    <skipped/>
  </testcase> <!-- @BeforeMethod setUp -->
  <testcase name="@AfterMethod tearDown" time="0.0" classname="com.shop.testcases.HomePageTest">
    <skipped/>
  </testcase> <!-- @AfterMethod tearDown -->
  <testcase name="@BeforeMethod setUp" time="0.0" classname="com.shop.testcases.HomePageTest">
    <skipped/>
  </testcase> <!-- @BeforeMethod setUp -->
  <testcase name="@AfterMethod tearDown" time="0.0" classname="com.shop.testcases.HomePageTest">
    <skipped/>
  </testcase> <!-- @AfterMethod tearDown -->
  <testcase name="@BeforeMethod setUp" time="0.0" classname="com.shop.testcases.HomePageTest">
    <skipped/>
  </testcase> <!-- @BeforeMethod setUp -->
  <testcase name="@AfterMethod tearDown" time="0.0" classname="com.shop.testcases.HomePageTest">
    <skipped/>
  </testcase> <!-- @AfterMethod tearDown -->
  <testcase name="@BeforeMethod setUp" time="3.895" classname="com.shop.testcases.IndexPageTest">
    <failure type="java.lang.NullPointerException">
      <![CDATA[java.lang.NullPointerException
at com.shop.base.BaseClass.launchApp(BaseClass.java:80)
at com.shop.testcases.IndexPageTest.setUp(IndexPageTest.java:24)
at java.util.ArrayList.forEach(ArrayList.java:1249)
... Removed 31 stack frames]]>
    </failure>
  </testcase> <!-- @BeforeMethod setUp -->
  <testcase name="@AfterMethod tearDown" time="0.0" classname="com.shop.testcases.IndexPageTest">
    <skipped/>
  </testcase> <!-- @AfterMethod tearDown -->
  <testcase name="@BeforeMethod setUp" time="0.0" classname="com.shop.testcases.IndexPageTest">
    <skipped/>
  </testcase> <!-- @BeforeMethod setUp -->
  <testcase name="@AfterMethod tearDown" time="0.0" classname="com.shop.testcases.IndexPageTest">
    <skipped/>
  </testcase> <!-- @AfterMethod tearDown -->
  <testcase name="@BeforeMethod setUp" time="4.108" classname="com.shop.testcases.SearchResultPageTest">
    <failure type="java.lang.NullPointerException">
      <![CDATA[java.lang.NullPointerException
at com.shop.base.BaseClass.launchApp(BaseClass.java:80)
at com.shop.testcases.SearchResultPageTest.setUp(SearchResultPageTest.java:27)
at java.util.ArrayList.forEach(ArrayList.java:1249)
... Removed 31 stack frames]]>
    </failure>
  </testcase> <!-- @BeforeMethod setUp -->
  <testcase name="@AfterMethod tearDown" time="0.0" classname="com.shop.testcases.SearchResultPageTest">
    <skipped/>
  </testcase> <!-- @AfterMethod tearDown -->
  <testcase name="loginTest" time="0.0" classname="com.shop.testcases.LoginPageTest">
    <skipped/>
  </testcase> <!-- loginTest -->
  <testcase name="loginTest" time="0.001" classname="com.shop.testcases.LoginPageTest">
    <skipped/>
  </testcase> <!-- loginTest -->
  <testcase name="loginTest" time="0.0" classname="com.shop.testcases.LoginPageTest">
    <skipped/>
  </testcase> <!-- loginTest -->
  <testcase name="orderHistoryandDetailsTest" time="0.0" classname="com.shop.testcases.HomePageTest">
    <skipped/>
  </testcase> <!-- orderHistoryandDetailsTest -->
  <testcase name="orderHistoryandDetailsTest" time="0.0" classname="com.shop.testcases.HomePageTest">
    <skipped/>
  </testcase> <!-- orderHistoryandDetailsTest -->
  <testcase name="orderHistoryandDetailsTest" time="0.0" classname="com.shop.testcases.HomePageTest">
    <skipped/>
  </testcase> <!-- orderHistoryandDetailsTest -->
  <testcase name="verifyWishList" time="0.0" classname="com.shop.testcases.HomePageTest">
    <skipped/>
  </testcase> <!-- verifyWishList -->
  <testcase name="verifyWishList" time="0.0" classname="com.shop.testcases.HomePageTest">
    <skipped/>
  </testcase> <!-- verifyWishList -->
  <testcase name="verifyWishList" time="0.0" classname="com.shop.testcases.HomePageTest">
    <skipped/>
  </testcase> <!-- verifyWishList -->
  <testcase name="verifyLogo" time="0.0" classname="com.shop.testcases.IndexPageTest">
    <skipped/>
  </testcase> <!-- verifyLogo -->
  <testcase name="verifyTitle" time="0.0" classname="com.shop.testcases.IndexPageTest">
    <skipped/>
  </testcase> <!-- verifyTitle -->
  <testcase name="productAvailabilityTest" time="0.0" classname="com.shop.testcases.SearchResultPageTest">
    <skipped/>
  </testcase> <!-- productAvailabilityTest -->
  <testcase name="addToCartTest" time="0.0" classname="com.shop.testcases.AddToCartPageTest">
    <ignored/>
  </testcase> <!-- addToCartTest -->
  <testcase name="endToEndTest" time="0.0" classname="com.shop.testcases.EndToEndTEst">
    <ignored/>
  </testcase> <!-- endToEndTest -->
  <testcase name="verifyTotalPrice" time="0.0" classname="com.shop.testcases.OrderPageTest">
    <ignored/>
  </testcase> <!-- verifyTotalPrice -->
  <testcase name="verifycreateAccountPageTest" time="0.0" classname="com.shop.testcases.AccountCreationPageTest">
    <ignored/>
  </testcase> <!-- verifycreateAccountPageTest -->
</testsuite> <!-- Test -->
